<?xml version="1.0" encoding="UTF-8"?>
<!-- Generated by org.testng.reporters.JUnitReportReporter -->
<testsuite hostname="DESKTOP-06HKC9B" failures="0" tests="1" name="automationFramework.NewTest" time="28.818" errors="0" timestamp="06 Aug 2019 12:54:37 GMT" skipped="0">
  <testcase classname="automationFramework.NewTest" name="login" time="28.818"/>
</testsuite> <!-- automationFramework.NewTest -->
