<?xml version="1.0" encoding="UTF-8"?>
<!-- Generated by org.testng.reporters.JUnitReportReporter -->
<testsuite hostname="DESKTOP-06HKC9B" failures="0" tests="2" name="automationFramework.KoderTest" time="25.003" errors="0" timestamp="08 Aug 2019 10:34:39 GMT" skipped="0">
  <testcase classname="automationFramework.KoderTest" name="contact" time="21.001"/>
  <testcase classname="automationFramework.KoderTest" name="signUp" time="4.002"/>
</testsuite> <!-- automationFramework.KoderTest -->
