<?xml version="1.0" encoding="UTF-8"?>
<!-- Generated by org.testng.reporters.JUnitReportReporter -->
<testsuite hostname="DESKTOP-06HKC9B" failures="0" tests="2" name="automationFramework.KoderTest" time="40.763" errors="0" timestamp="08 Aug 2019 07:13:17 GMT" skipped="0">
  <testcase classname="automationFramework.KoderTest" name="contact" time="37.969"/>
  <testcase classname="automationFramework.KoderTest" name="signUp" time="2.794"/>
</testsuite> <!-- automationFramework.KoderTest -->
